<?xml version="1.0" encoding="UTF-8"?>
<testng-results ignored="0" total="2" passed="2" failed="0" skipped="0">
  <reporter-output>
  </reporter-output>
  <suite started-at="2022-04-07T20:04:32 IST" name="Suite" finished-at="2022-04-07T20:04:40 IST" duration-ms="8106">
    <groups>
    </groups>
    <test started-at="2022-04-07T20:04:32 IST" name="Test" finished-at="2022-04-07T20:04:40 IST" duration-ms="8106">
      <class name="testcases.LoginTest">
        <test-method is-config="true" signature="DatasetUP()[pri:0, instance:testcases.LoginTest@1a18644]" started-at="2022-04-07T20:04:32 IST" name="DatasetUP" finished-at="2022-04-07T20:04:33 IST" duration-ms="261" status="PASS">
          <reporter-output>
          </reporter-output>
        </test-method> <!-- DatasetUP -->
        <test-method is-config="true" signature="SetUp(java.lang.reflect.Method)[pri:0, instance:testcases.LoginTest@1a18644]" started-at="2022-04-07T20:04:33 IST" name="SetUp" finished-at="2022-04-07T20:04:36 IST" duration-ms="3657" status="PASS">
          <params>
            <param index="0">
              <value>
                <![CDATA[public void testcases.LoginTest.LoginFailiureTest()]]>
              </value>
            </param>
          </params>
          <reporter-output>
          </reporter-output>
        </test-method> <!-- SetUp -->
        <test-method signature="LoginFailiureTest()[pri:0, instance:testcases.LoginTest@1a18644]" started-at="2022-04-07T20:04:36 IST" name="LoginFailiureTest" finished-at="2022-04-07T20:04:37 IST" duration-ms="594" status="PASS">
          <reporter-output>
          </reporter-output>
        </test-method> <!-- LoginFailiureTest -->
        <test-method is-config="true" signature="TearDown()[pri:0, instance:testcases.LoginTest@1a18644]" started-at="2022-04-07T20:04:37 IST" name="TearDown" finished-at="2022-04-07T20:04:37 IST" duration-ms="302" status="PASS">
          <reporter-output>
          </reporter-output>
        </test-method> <!-- TearDown -->
        <test-method is-config="true" signature="SetUp(java.lang.reflect.Method)[pri:0, instance:testcases.LoginTest@1a18644]" started-at="2022-04-07T20:04:37 IST" name="SetUp" finished-at="2022-04-07T20:04:39 IST" duration-ms="1985" status="PASS">
          <params>
            <param index="0">
              <value>
                <![CDATA[public void testcases.LoginTest.LoginSuccessTest()]]>
              </value>
            </param>
          </params>
          <reporter-output>
          </reporter-output>
        </test-method> <!-- SetUp -->
        <test-method signature="LoginSuccessTest()[pri:0, instance:testcases.LoginTest@1a18644]" started-at="2022-04-07T20:04:39 IST" name="LoginSuccessTest" finished-at="2022-04-07T20:04:40 IST" duration-ms="506" status="PASS">
          <reporter-output>
          </reporter-output>
        </test-method> <!-- LoginSuccessTest -->
        <test-method is-config="true" signature="TearDown()[pri:0, instance:testcases.LoginTest@1a18644]" started-at="2022-04-07T20:04:40 IST" name="TearDown" finished-at="2022-04-07T20:04:40 IST" duration-ms="302" status="PASS">
          <reporter-output>
          </reporter-output>
        </test-method> <!-- TearDown -->
        <test-method is-config="true" signature="DataTearDown()[pri:0, instance:testcases.LoginTest@1a18644]" started-at="2022-04-07T20:04:40 IST" name="DataTearDown" finished-at="2022-04-07T20:04:40 IST" duration-ms="440" status="PASS">
          <reporter-output>
          </reporter-output>
        </test-method> <!-- DataTearDown -->
      </class> <!-- testcases.LoginTest -->
    </test> <!-- Test -->
  </suite> <!-- Suite -->
</testng-results>
